// 重构日志: 46835306
// 重构日志: 70cafd80
// 重构日志: cf466c6b
// 重构日志: 67450e7c
// 重构日志: 3e97529a
// 重构日志: 0257a245
// 重构日志: cac632bc
// 同步 ID: bb73ac11 @ Fri Jul  3 10:34:54 UTC 2026
// 重构日志: 50330632
// 同步 ID: a80b8f53 @ Sat Jul  4 12:23:24 UTC 2026
// 同步 ID: 9785ce6b @ Sat Jul  4 16:10:18 UTC 2026
// 重构日志: 2cf5f1eb
// 重构日志: bf06c6d1
// 重构日志: 54ed7410
// 同步 ID: 492cb631 @ Sun Jul 12 15:42:41 UTC 2026
// 重构日志: 4ce373d6
// 重构日志: 263a9599
// 重构日志: e09e2edc
// 重构日志: 29667e96
// 同步 ID: ca8e1329 @ Thu Jul 16 12:36:01 UTC 2026
// 重构日志: e93583e5
// 同步 ID: 9cdd7e53 @ Sat Jul 18 15:01:42 UTC 2026
// 重构日志: a6f39132
// 重构日志: 2e514463
// 重构日志: 1b8bf09b
// 重构日志: 8cbc2a8a
// 同步 ID: e2bb89e0 @ Thu Jul 23 06:42:01 UTC 2026
